<?xml version="1.0" encoding="UTF-8"?>
<!-- Generated by org.testng.reporters.JUnitXMLReporter -->
<testsuite hostname="L10816" ignored="2" name="Test" tests="1" failures="0" timestamp="04 Oct 2023 10:01:33 GMT" time="31.242" errors="0">
  <testcase name="TC001" time="30.284" classname="com.bambooui.bamboo.Module1"/>
  <testcase name="TC002" time="0.0" classname="com.bambooui.bamboo.Module1">
    <ignored/>
  </testcase> <!-- TC002 -->
  <testcase name="TC003" time="0.0" classname="com.bambooui.bamboo.Module1">
    <ignored/>
  </testcase> <!-- TC003 -->
</testsuite> <!-- Test -->
