<?xml version="1.0" encoding="UTF-8"?>
<testng-results skipped="0" failed="0" ignored="0" total="1" passed="1">
  <reporter-output>
  </reporter-output>
  <suite name="Suite" duration-ms="49759" started-at="2023-10-05T08:25:32Z" finished-at="2023-10-05T08:26:22Z">
    <groups>
    </groups>
    <test name="Test" duration-ms="49759" started-at="2023-10-05T08:25:32Z" finished-at="2023-10-05T08:26:22Z">
      <class name="com.bambooui.bamboo.Module2">
        <test-method status="PASS" signature="TS02_TC01()[pri:0, instance:com.bambooui.bamboo.Module2@2fb69ff6]" name="TS02_TC01" duration-ms="49374" started-at="2023-10-05T13:55:32Z" description="Test Case to check the points calculator page" finished-at="2023-10-05T13:56:22Z">
          <reporter-output>
          </reporter-output>
        </test-method> <!-- TS02_TC01 -->
      </class> <!-- com.bambooui.bamboo.Module2 -->
    </test> <!-- Test -->
  </suite> <!-- Suite -->
</testng-results>
